<?xml version="1.0" encoding="UTF-8"?>
<!-- Generated by org.testng.reporters.JUnitReportReporter -->
<testsuite hostname="rtCamp" name="webtests.SampleSauceTest" tests="1" failures="0" timestamp="12 Feb 2015 09:55:17 GMT" time="468.498" errors="0">
  <testcase name="webDriver" time="468.498" classname="webtests.SampleSauceTest"/>
</testsuite>
